<?xml version="1.0" encoding="UTF-8" ?>
<testsuite tests="10" failures="0" name="PersonnageTest" time="0.252" errors="0" skipped="0">
  <properties>
[...]
</properties>
  <testcase classname="PersonnageTest" name="attaquerEnergyTest" time="0.008"/>
  <testcase classname="PersonnageTest" name="attaquerTest" time="0"/>
  <testcase classname="PersonnageTest" name="subirMortTest" time="0"/>
  <testcase classname="PersonnageTest" name="parerTest" time="0"/>
  <testcase classname="PersonnageTest" name="setPVTest" time="0"/>
  <testcase classname="PersonnageTest" name="showEnergyTest" time="0"/>
  <testcase classname="PersonnageTest" name="getPVTest" time="0"/>
  <testcase classname="PersonnageTest" name="setMortTest" time="0"/>
  <testcase classname="PersonnageTest" name="subirTest" time="0"/>
  <testcase classname="PersonnageTest" name="resetDefenseTest" time="0"/>
</testsuite>